{"/private/var/projects/fullslack-angular/api/dist/index.js": {"path":"/private/var/projects/fullslack-angular/api/dist/index.js","statementMap":{"0":{"start":{"line":2,"column":16},"end":{"line":2,"column":34}},"1":{"start":{"line":3,"column":19},"end":{"line":3,"column":41}},"2":{"start":{"line":4,"column":17},"end":{"line":4,"column":36}},"3":{"start":{"line":5,"column":20},"end":{"line":5,"column":43}},"4":{"start":{"line":6,"column":36},"end":{"line":6,"column":55}},"5":{"start":{"line":7,"column":33},"end":{"line":7,"column":44}},"6":{"start":{"line":8,"column":12},"end":{"line":8,"column":21}},"7":{"start":{"line":9,"column":0},"end":{"line":9,"column":27}},"8":{"start":{"line":10,"column":19},"end":{"line":13,"column":1}},"9":{"start":{"line":14,"column":0},"end":{"line":37,"column":4}},"10":{"start":{"line":15,"column":24},"end":{"line":15,"column":34}},"11":{"start":{"line":20,"column":17},"end":{"line":23,"column":6}},"12":{"start":{"line":24,"column":4},"end":{"line":35,"column":5}},"13":{"start":{"line":25,"column":8},"end":{"line":31,"column":11}},"14":{"start":{"line":34,"column":8},"end":{"line":34,"column":33}},"15":{"start":{"line":38,"column":0},"end":{"line":38,"column":93}},"16":{"start":{"line":39,"column":0},"end":{"line":39,"column":43}},"17":{"start":{"line":40,"column":13},"end":{"line":40,"column":37}},"18":{"start":{"line":41,"column":0},"end":{"line":43,"column":3}},"19":{"start":{"line":42,"column":4},"end":{"line":42,"column":53}},"20":{"start":{"line":44,"column":0},"end":{"line":44,"column":21}}},"fnMap":{"0":{"name":"(anonymous_0)","decl":{"start":{"line":14,"column":38},"end":{"line":14,"column":39}},"loc":{"start":{"line":14,"column":63},"end":{"line":37,"column":1}},"line":14},"1":{"name":"(anonymous_1)","decl":{"start":{"line":41,"column":17},"end":{"line":41,"column":18}},"loc":{"start":{"line":41,"column":29},"end":{"line":43,"column":1}},"line":41}},"branchMap":{"0":{"loc":{"start":{"line":24,"column":4},"end":{"line":35,"column":5}},"type":"if","locations":[{"start":{"line":24,"column":4},"end":{"line":35,"column":5}},{"start":{"line":33,"column":9},"end":{"line":35,"column":5}}],"line":24},"1":{"loc":{"start":{"line":40,"column":13},"end":{"line":40,"column":37}},"type":"binary-expr","locations":[{"start":{"line":40,"column":13},"end":{"line":40,"column":29}},{"start":{"line":40,"column":33},"end":{"line":40,"column":37}}],"line":40}},"s":{"0":1,"1":1,"2":1,"3":1,"4":1,"5":1,"6":1,"7":1,"8":1,"9":1,"10":5,"11":5,"12":5,"13":5,"14":0,"15":1,"16":1,"17":1,"18":1,"19":1,"20":1},"f":{"0":5,"1":1},"b":{"0":[5,0],"1":[1,0]},"_coverageSchema":"1a1c01bbd47fc00a2c39e90264f33305004495a9","hash":"a667dcfe3d789969c7314cb75942155ad08334bb"}
,"/private/var/projects/fullslack-angular/api/dist/functions/common.js": {"path":"/private/var/projects/fullslack-angular/api/dist/functions/common.js","statementMap":{"0":{"start":{"line":2,"column":0},"end":{"line":2,"column":62}},"1":{"start":{"line":3,"column":0},"end":{"line":21,"column":2}},"2":{"start":{"line":6,"column":8},"end":{"line":13,"column":9}},"3":{"start":{"line":7,"column":12},"end":{"line":7,"column":31}},"4":{"start":{"line":10,"column":12},"end":{"line":12,"column":14}},"5":{"start":{"line":14,"column":8},"end":{"line":14,"column":42}},"6":{"start":{"line":15,"column":8},"end":{"line":15,"column":18}},"7":{"start":{"line":18,"column":27},"end":{"line":18,"column":55}},"8":{"start":{"line":19,"column":8},"end":{"line":19,"column":38}}},"fnMap":{"0":{"name":"(anonymous_0)","decl":{"start":{"line":4,"column":18},"end":{"line":4,"column":19}},"loc":{"start":{"line":4,"column":58},"end":{"line":16,"column":5}},"line":4},"1":{"name":"(anonymous_1)","decl":{"start":{"line":17,"column":18},"end":{"line":17,"column":19}},"loc":{"start":{"line":17,"column":29},"end":{"line":20,"column":5}},"line":17}},"branchMap":{"0":{"loc":{"start":{"line":4,"column":41},"end":{"line":4,"column":53}},"type":"default-arg","locations":[{"start":{"line":4,"column":48},"end":{"line":4,"column":53}}],"line":4},"1":{"loc":{"start":{"line":6,"column":8},"end":{"line":13,"column":9}},"type":"if","locations":[{"start":{"line":6,"column":8},"end":{"line":13,"column":9}},{"start":{"line":9,"column":13},"end":{"line":13,"column":9}}],"line":6}},"s":{"0":1,"1":1,"2":12,"3":12,"4":0,"5":12,"6":12,"7":8,"8":8},"f":{"0":12,"1":8},"b":{"0":[0],"1":[12,0]},"_coverageSchema":"1a1c01bbd47fc00a2c39e90264f33305004495a9","hash":"52d65652633d472ecf482d457dd5386ca52e34ca"}
,"/private/var/projects/fullslack-angular/api/dist/functions/modelFunctions.js": {"path":"/private/var/projects/fullslack-angular/api/dist/functions/modelFunctions.js","statementMap":{"0":{"start":{"line":2,"column":0},"end":{"line":2,"column":62}},"1":{"start":{"line":3,"column":15},"end":{"line":3,"column":35}},"2":{"start":{"line":4,"column":0},"end":{"line":45,"column":2}},"3":{"start":{"line":6,"column":8},"end":{"line":12,"column":9}},"4":{"start":{"line":7,"column":28},"end":{"line":7,"column":52}},"5":{"start":{"line":8,"column":12},"end":{"line":8,"column":27}},"6":{"start":{"line":11,"column":12},"end":{"line":11,"column":24}},"7":{"start":{"line":15,"column":8},"end":{"line":21,"column":9}},"8":{"start":{"line":16,"column":31},"end":{"line":16,"column":52}},"9":{"start":{"line":17,"column":12},"end":{"line":17,"column":30}},"10":{"start":{"line":20,"column":12},"end":{"line":20,"column":24}},"11":{"start":{"line":24,"column":8},"end":{"line":35,"column":9}},"12":{"start":{"line":25,"column":27},"end":{"line":31,"column":14}},"13":{"start":{"line":34,"column":12},"end":{"line":34,"column":24}},"14":{"start":{"line":38,"column":23},"end":{"line":38,"column":53}},"15":{"start":{"line":39,"column":8},"end":{"line":39,"column":22}},"16":{"start":{"line":42,"column":23},"end":{"line":42,"column":53}},"17":{"start":{"line":43,"column":8},"end":{"line":43,"column":22}}},"fnMap":{"0":{"name":"(anonymous_0)","decl":{"start":{"line":5,"column":12},"end":{"line":5,"column":13}},"loc":{"start":{"line":5,"column":35},"end":{"line":13,"column":5}},"line":5},"1":{"name":"(anonymous_1)","decl":{"start":{"line":14,"column":12},"end":{"line":14,"column":13}},"loc":{"start":{"line":14,"column":29},"end":{"line":22,"column":5}},"line":14},"2":{"name":"(anonymous_2)","decl":{"start":{"line":23,"column":17},"end":{"line":23,"column":18}},"loc":{"start":{"line":23,"column":39},"end":{"line":36,"column":5}},"line":23},"3":{"name":"(anonymous_3)","decl":{"start":{"line":37,"column":16},"end":{"line":37,"column":17}},"loc":{"start":{"line":37,"column":44},"end":{"line":40,"column":5}},"line":37},"4":{"name":"(anonymous_4)","decl":{"start":{"line":41,"column":16},"end":{"line":41,"column":17}},"loc":{"start":{"line":41,"column":44},"end":{"line":44,"column":5}},"line":41}},"branchMap":{},"s":{"0":1,"1":1,"2":1,"3":1,"4":1,"5":1,"6":0,"7":1,"8":1,"9":1,"10":0,"11":2,"12":2,"13":1,"14":2,"15":2,"16":2,"17":2},"f":{"0":1,"1":1,"2":2,"3":2,"4":2},"b":{},"_coverageSchema":"1a1c01bbd47fc00a2c39e90264f33305004495a9","hash":"9bb67d28a6484b681d5a48a9b91514c2486a7f1b"}
,"/private/var/projects/fullslack-angular/api/dist/models/List.js": {"path":"/private/var/projects/fullslack-angular/api/dist/models/List.js","statementMap":{"0":{"start":{"line":2,"column":0},"end":{"line":2,"column":62}},"1":{"start":{"line":3,"column":20},"end":{"line":3,"column":40}},"2":{"start":{"line":7,"column":0},"end":{"line":34,"column":2}},"3":{"start":{"line":8,"column":4},"end":{"line":32,"column":7}},"4":{"start":{"line":33,"column":4},"end":{"line":33,"column":16}}},"fnMap":{"0":{"name":"(anonymous_0)","decl":{"start":{"line":5,"column":4},"end":{"line":5,"column":5}},"loc":{"start":{"line":5,"column":29},"end":{"line":5,"column":32}},"line":5},"1":{"name":"(anonymous_1)","decl":{"start":{"line":7,"column":18},"end":{"line":7,"column":19}},"loc":{"start":{"line":7,"column":33},"end":{"line":34,"column":1}},"line":7}},"branchMap":{},"s":{"0":1,"1":1,"2":1,"3":1,"4":1},"f":{"0":1,"1":1},"b":{},"_coverageSchema":"1a1c01bbd47fc00a2c39e90264f33305004495a9","hash":"f0f807759f12e98f8bde1aaa16d4abd7a893e328"}
,"/private/var/projects/fullslack-angular/api/dist/models/User.js": {"path":"/private/var/projects/fullslack-angular/api/dist/models/User.js","statementMap":{"0":{"start":{"line":2,"column":0},"end":{"line":2,"column":62}},"1":{"start":{"line":3,"column":20},"end":{"line":3,"column":40}},"2":{"start":{"line":7,"column":0},"end":{"line":38,"column":2}},"3":{"start":{"line":8,"column":4},"end":{"line":36,"column":7}},"4":{"start":{"line":37,"column":4},"end":{"line":37,"column":16}}},"fnMap":{"0":{"name":"(anonymous_0)","decl":{"start":{"line":5,"column":4},"end":{"line":5,"column":5}},"loc":{"start":{"line":5,"column":29},"end":{"line":5,"column":32}},"line":5},"1":{"name":"(anonymous_1)","decl":{"start":{"line":7,"column":18},"end":{"line":7,"column":19}},"loc":{"start":{"line":7,"column":33},"end":{"line":38,"column":1}},"line":7}},"branchMap":{},"s":{"0":1,"1":1,"2":1,"3":1,"4":1},"f":{"0":1,"1":1},"b":{},"_coverageSchema":"1a1c01bbd47fc00a2c39e90264f33305004495a9","hash":"5d8f8321449bd8bd8e964bf1f4a8a9f0494c45aa"}
,"/private/var/projects/fullslack-angular/api/dist/models/index.js": {"path":"/private/var/projects/fullslack-angular/api/dist/models/index.js","statementMap":{"0":{"start":{"line":2,"column":22},"end":{"line":4,"column":1}},"1":{"start":{"line":3,"column":4},"end":{"line":3,"column":62}},"2":{"start":{"line":5,"column":0},"end":{"line":5,"column":62}},"3":{"start":{"line":6,"column":0},"end":{"line":6,"column":24}},"4":{"start":{"line":7,"column":20},"end":{"line":7,"column":40}},"5":{"start":{"line":8,"column":15},"end":{"line":8,"column":49}},"6":{"start":{"line":9,"column":15},"end":{"line":9,"column":49}},"7":{"start":{"line":10,"column":18},"end":{"line":17,"column":2}},"8":{"start":{"line":18,"column":15},"end":{"line":21,"column":1}},"9":{"start":{"line":22,"column":0},"end":{"line":22,"column":24}},"10":{"start":{"line":23,"column":0},"end":{"line":25,"column":49}},"11":{"start":{"line":24,"column":23},"end":{"line":24,"column":60}},"12":{"start":{"line":25,"column":24},"end":{"line":25,"column":47}}},"fnMap":{"0":{"name":"(anonymous_0)","decl":{"start":{"line":2,"column":56},"end":{"line":2,"column":57}},"loc":{"start":{"line":2,"column":71},"end":{"line":4,"column":1}},"line":2},"1":{"name":"(anonymous_1)","decl":{"start":{"line":24,"column":12},"end":{"line":24,"column":13}},"loc":{"start":{"line":24,"column":23},"end":{"line":24,"column":60}},"line":24},"2":{"name":"(anonymous_2)","decl":{"start":{"line":25,"column":13},"end":{"line":25,"column":14}},"loc":{"start":{"line":25,"column":24},"end":{"line":25,"column":47}},"line":25}},"branchMap":{"0":{"loc":{"start":{"line":2,"column":22},"end":{"line":4,"column":1}},"type":"binary-expr","locations":[{"start":{"line":2,"column":23},"end":{"line":2,"column":27}},{"start":{"line":2,"column":31},"end":{"line":2,"column":51}},{"start":{"line":2,"column":56},"end":{"line":4,"column":1}}],"line":2},"1":{"loc":{"start":{"line":3,"column":11},"end":{"line":3,"column":61}},"type":"cond-expr","locations":[{"start":{"line":3,"column":37},"end":{"line":3,"column":40}},{"start":{"line":3,"column":43},"end":{"line":3,"column":61}}],"line":3},"2":{"loc":{"start":{"line":3,"column":12},"end":{"line":3,"column":33}},"type":"binary-expr","locations":[{"start":{"line":3,"column":12},"end":{"line":3,"column":15}},{"start":{"line":3,"column":19},"end":{"line":3,"column":33}}],"line":3},"3":{"loc":{"start":{"line":10,"column":44},"end":{"line":10,"column":75}},"type":"binary-expr","locations":[{"start":{"line":10,"column":44},"end":{"line":10,"column":64}},{"start":{"line":10,"column":68},"end":{"line":10,"column":75}}],"line":10},"4":{"loc":{"start":{"line":10,"column":77},"end":{"line":10,"column":109}},"type":"binary-expr","locations":[{"start":{"line":10,"column":77},"end":{"line":10,"column":99}},{"start":{"line":10,"column":103},"end":{"line":10,"column":109}}],"line":10},"5":{"loc":{"start":{"line":10,"column":111},"end":{"line":10,"column":152}},"type":"binary-expr","locations":[{"start":{"line":10,"column":111},"end":{"line":10,"column":142}},{"start":{"line":10,"column":146},"end":{"line":10,"column":152}}],"line":10},"6":{"loc":{"start":{"line":11,"column":14},"end":{"line":11,"column":46}},"type":"binary-expr","locations":[{"start":{"line":11,"column":14},"end":{"line":11,"column":36}},{"start":{"line":11,"column":40},"end":{"line":11,"column":46}}],"line":11},"7":{"loc":{"start":{"line":12,"column":14},"end":{"line":12,"column":55}},"type":"binary-expr","locations":[{"start":{"line":12,"column":14},"end":{"line":12,"column":45}},{"start":{"line":12,"column":49},"end":{"line":12,"column":55}}],"line":12},"8":{"loc":{"start":{"line":13,"column":14},"end":{"line":13,"column":45}},"type":"binary-expr","locations":[{"start":{"line":13,"column":14},"end":{"line":13,"column":34}},{"start":{"line":13,"column":38},"end":{"line":13,"column":45}}],"line":13},"9":{"loc":{"start":{"line":14,"column":10},"end":{"line":14,"column":46}},"type":"binary-expr","locations":[{"start":{"line":14,"column":10},"end":{"line":14,"column":35}},{"start":{"line":14,"column":39},"end":{"line":14,"column":46}}],"line":14}},"s":{"0":1,"1":2,"2":1,"3":1,"4":1,"5":1,"6":1,"7":1,"8":1,"9":1,"10":1,"11":2,"12":2},"f":{"0":2,"1":2,"2":2},"b":{"0":[1,1,1],"1":[2,0],"2":[2,2],"3":[1,0],"4":[1,0],"5":[1,0],"6":[1,0],"7":[1,0],"8":[1,0],"9":[1,0]},"_coverageSchema":"1a1c01bbd47fc00a2c39e90264f33305004495a9","hash":"dae66efb7c7f22e9303fd4da164b7175327c61b1"}
,"/private/var/projects/fullslack-angular/api/dist/routes/auth.js": {"path":"/private/var/projects/fullslack-angular/api/dist/routes/auth.js","statementMap":{"0":{"start":{"line":2,"column":0},"end":{"line":2,"column":62}},"1":{"start":{"line":3,"column":16},"end":{"line":3,"column":34}},"2":{"start":{"line":4,"column":15},"end":{"line":4,"column":31}},"3":{"start":{"line":5,"column":39},"end":{"line":5,"column":69}},"4":{"start":{"line":6,"column":30},"end":{"line":6,"column":50}},"5":{"start":{"line":7,"column":12},"end":{"line":7,"column":35}},"6":{"start":{"line":8,"column":15},"end":{"line":8,"column":35}},"7":{"start":{"line":9,"column":0},"end":{"line":29,"column":3}},"8":{"start":{"line":10,"column":4},"end":{"line":28,"column":5}},"9":{"start":{"line":11,"column":36},"end":{"line":11,"column":44}},"10":{"start":{"line":12,"column":21},"end":{"line":12,"column":108}},"11":{"start":{"line":13,"column":8},"end":{"line":20,"column":9}},"12":{"start":{"line":14,"column":25},"end":{"line":14,"column":35}},"13":{"start":{"line":15,"column":26},"end":{"line":15,"column":73}},"14":{"start":{"line":16,"column":12},"end":{"line":16,"column":59}},"15":{"start":{"line":19,"column":12},"end":{"line":19,"column":93}},"16":{"start":{"line":23,"column":23},"end":{"line":23,"column":37}},"17":{"start":{"line":24,"column":8},"end":{"line":26,"column":9}},"18":{"start":{"line":25,"column":12},"end":{"line":25,"column":37}},"19":{"start":{"line":27,"column":8},"end":{"line":27,"column":67}},"20":{"start":{"line":30,"column":0},"end":{"line":54,"column":3}},"21":{"start":{"line":31,"column":4},"end":{"line":53,"column":5}},"22":{"start":{"line":32,"column":57},"end":{"line":32,"column":65}},"23":{"start":{"line":33,"column":8},"end":{"line":33,"column":41}},"24":{"start":{"line":34,"column":8},"end":{"line":36,"column":9}},"25":{"start":{"line":35,"column":12},"end":{"line":35,"column":81}},"26":{"start":{"line":37,"column":26},"end":{"line":37,"column":73}},"27":{"start":{"line":38,"column":8},"end":{"line":40,"column":9}},"28":{"start":{"line":39,"column":12},"end":{"line":39,"column":83}},"29":{"start":{"line":41,"column":8},"end":{"line":43,"column":9}},"30":{"start":{"line":42,"column":12},"end":{"line":42,"column":89}},"31":{"start":{"line":44,"column":21},"end":{"line":44,"column":80}},"32":{"start":{"line":45,"column":8},"end":{"line":45,"column":89}},"33":{"start":{"line":48,"column":23},"end":{"line":48,"column":37}},"34":{"start":{"line":49,"column":8},"end":{"line":51,"column":9}},"35":{"start":{"line":50,"column":12},"end":{"line":50,"column":37}},"36":{"start":{"line":52,"column":8},"end":{"line":52,"column":67}},"37":{"start":{"line":55,"column":0},"end":{"line":55,"column":24}}},"fnMap":{"0":{"name":"(anonymous_0)","decl":{"start":{"line":9,"column":22},"end":{"line":9,"column":23}},"loc":{"start":{"line":9,"column":42},"end":{"line":29,"column":1}},"line":9},"1":{"name":"(anonymous_1)","decl":{"start":{"line":30,"column":23},"end":{"line":30,"column":24}},"loc":{"start":{"line":30,"column":43},"end":{"line":54,"column":1}},"line":30}},"branchMap":{"0":{"loc":{"start":{"line":13,"column":8},"end":{"line":20,"column":9}},"type":"if","locations":[{"start":{"line":13,"column":8},"end":{"line":20,"column":9}},{"start":{"line":18,"column":13},"end":{"line":20,"column":9}}],"line":13},"1":{"loc":{"start":{"line":24,"column":8},"end":{"line":26,"column":9}},"type":"if","locations":[{"start":{"line":24,"column":8},"end":{"line":26,"column":9}},{"start":{},"end":{}}],"line":24},"2":{"loc":{"start":{"line":34,"column":8},"end":{"line":36,"column":9}},"type":"if","locations":[{"start":{"line":34,"column":8},"end":{"line":36,"column":9}},{"start":{},"end":{}}],"line":34},"3":{"loc":{"start":{"line":34,"column":12},"end":{"line":34,"column":42}},"type":"binary-expr","locations":[{"start":{"line":34,"column":12},"end":{"line":34,"column":18}},{"start":{"line":34,"column":22},"end":{"line":34,"column":42}}],"line":34},"4":{"loc":{"start":{"line":38,"column":8},"end":{"line":40,"column":9}},"type":"if","locations":[{"start":{"line":38,"column":8},"end":{"line":40,"column":9}},{"start":{},"end":{}}],"line":38},"5":{"loc":{"start":{"line":41,"column":8},"end":{"line":43,"column":9}},"type":"if","locations":[{"start":{"line":41,"column":8},"end":{"line":43,"column":9}},{"start":{},"end":{}}],"line":41},"6":{"loc":{"start":{"line":49,"column":8},"end":{"line":51,"column":9}},"type":"if","locations":[{"start":{"line":49,"column":8},"end":{"line":51,"column":9}},{"start":{},"end":{}}],"line":49}},"s":{"0":1,"1":1,"2":1,"3":1,"4":1,"5":1,"6":1,"7":1,"8":3,"9":3,"10":3,"11":2,"12":1,"13":1,"14":1,"15":1,"16":1,"17":1,"18":1,"19":1,"20":1,"21":4,"22":4,"23":4,"24":4,"25":1,"26":3,"27":2,"28":1,"29":1,"30":0,"31":1,"32":1,"33":1,"34":1,"35":1,"36":1,"37":1},"f":{"0":3,"1":4},"b":{"0":[1,1],"1":[1,0],"2":[1,3],"3":[4,4],"4":[1,1],"5":[0,1],"6":[1,0]},"_coverageSchema":"1a1c01bbd47fc00a2c39e90264f33305004495a9","hash":"50f51f96b8b4ec3cdbe3ddb5d1b8d618695e9548"}
,"/private/var/projects/fullslack-angular/api/dist/routes/list.js": {"path":"/private/var/projects/fullslack-angular/api/dist/routes/list.js","statementMap":{"0":{"start":{"line":2,"column":0},"end":{"line":2,"column":62}},"1":{"start":{"line":3,"column":16},"end":{"line":3,"column":34}},"2":{"start":{"line":4,"column":15},"end":{"line":4,"column":31}},"3":{"start":{"line":5,"column":25},"end":{"line":5,"column":55}},"4":{"start":{"line":8,"column":4},"end":{"line":8,"column":24}},"5":{"start":{"line":9,"column":15},"end":{"line":9,"column":35}},"6":{"start":{"line":10,"column":64},"end":{"line":10,"column":102}},"7":{"start":{"line":11,"column":0},"end":{"line":28,"column":3}},"8":{"start":{"line":12,"column":2},"end":{"line":27,"column":3}},"9":{"start":{"line":13,"column":35},"end":{"line":13,"column":43}},"10":{"start":{"line":14,"column":19},"end":{"line":14,"column":30}},"11":{"start":{"line":15,"column":29},"end":{"line":15,"column":120}},"12":{"start":{"line":16,"column":4},"end":{"line":18,"column":5}},"13":{"start":{"line":17,"column":6},"end":{"line":17,"column":80}},"14":{"start":{"line":19,"column":24},"end":{"line":19,"column":74}},"15":{"start":{"line":20,"column":4},"end":{"line":20,"column":53}},"16":{"start":{"line":22,"column":19},"end":{"line":22,"column":33}},"17":{"start":{"line":23,"column":4},"end":{"line":25,"column":5}},"18":{"start":{"line":24,"column":6},"end":{"line":24,"column":31}},"19":{"start":{"line":26,"column":4},"end":{"line":26,"column":63}},"20":{"start":{"line":29,"column":0},"end":{"line":40,"column":3}},"21":{"start":{"line":30,"column":2},"end":{"line":39,"column":3}},"22":{"start":{"line":31,"column":17},"end":{"line":31,"column":35}},"23":{"start":{"line":32,"column":4},"end":{"line":32,"column":46}},"24":{"start":{"line":34,"column":19},"end":{"line":34,"column":33}},"25":{"start":{"line":35,"column":4},"end":{"line":37,"column":5}},"26":{"start":{"line":36,"column":6},"end":{"line":36,"column":31}},"27":{"start":{"line":38,"column":4},"end":{"line":38,"column":63}},"28":{"start":{"line":41,"column":0},"end":{"line":58,"column":3}},"29":{"start":{"line":42,"column":2},"end":{"line":57,"column":3}},"30":{"start":{"line":43,"column":23},"end":{"line":43,"column":35}},"31":{"start":{"line":44,"column":19},"end":{"line":44,"column":30}},"32":{"start":{"line":45,"column":30},"end":{"line":45,"column":137}},"33":{"start":{"line":46,"column":4},"end":{"line":48,"column":5}},"34":{"start":{"line":47,"column":6},"end":{"line":47,"column":82}},"35":{"start":{"line":49,"column":4},"end":{"line":49,"column":40}},"36":{"start":{"line":50,"column":4},"end":{"line":50,"column":64}},"37":{"start":{"line":52,"column":19},"end":{"line":52,"column":33}},"38":{"start":{"line":53,"column":4},"end":{"line":55,"column":5}},"39":{"start":{"line":54,"column":6},"end":{"line":54,"column":31}},"40":{"start":{"line":56,"column":4},"end":{"line":56,"column":63}},"41":{"start":{"line":59,"column":0},"end":{"line":59,"column":24}}},"fnMap":{"0":{"name":"(anonymous_0)","decl":{"start":{"line":11,"column":17},"end":{"line":11,"column":18}},"loc":{"start":{"line":11,"column":37},"end":{"line":28,"column":1}},"line":11},"1":{"name":"(anonymous_1)","decl":{"start":{"line":29,"column":16},"end":{"line":29,"column":17}},"loc":{"start":{"line":29,"column":36},"end":{"line":40,"column":1}},"line":29},"2":{"name":"(anonymous_2)","decl":{"start":{"line":41,"column":19},"end":{"line":41,"column":20}},"loc":{"start":{"line":41,"column":39},"end":{"line":58,"column":1}},"line":41}},"branchMap":{"0":{"loc":{"start":{"line":16,"column":4},"end":{"line":18,"column":5}},"type":"if","locations":[{"start":{"line":16,"column":4},"end":{"line":18,"column":5}},{"start":{},"end":{}}],"line":16},"1":{"loc":{"start":{"line":23,"column":4},"end":{"line":25,"column":5}},"type":"if","locations":[{"start":{"line":23,"column":4},"end":{"line":25,"column":5}},{"start":{},"end":{}}],"line":23},"2":{"loc":{"start":{"line":35,"column":4},"end":{"line":37,"column":5}},"type":"if","locations":[{"start":{"line":35,"column":4},"end":{"line":37,"column":5}},{"start":{},"end":{}}],"line":35},"3":{"loc":{"start":{"line":46,"column":4},"end":{"line":48,"column":5}},"type":"if","locations":[{"start":{"line":46,"column":4},"end":{"line":48,"column":5}},{"start":{},"end":{}}],"line":46},"4":{"loc":{"start":{"line":53,"column":4},"end":{"line":55,"column":5}},"type":"if","locations":[{"start":{"line":53,"column":4},"end":{"line":55,"column":5}},{"start":{},"end":{}}],"line":53}},"s":{"0":1,"1":1,"2":1,"3":1,"4":1,"5":1,"6":1,"7":1,"8":2,"9":2,"10":2,"11":2,"12":2,"13":1,"14":1,"15":1,"16":0,"17":0,"18":0,"19":0,"20":1,"21":1,"22":1,"23":1,"24":0,"25":0,"26":0,"27":0,"28":1,"29":2,"30":2,"31":2,"32":2,"33":2,"34":0,"35":2,"36":1,"37":1,"38":1,"39":1,"40":1,"41":1},"f":{"0":2,"1":1,"2":2},"b":{"0":[1,1],"1":[0,0],"2":[0,0],"3":[0,2],"4":[1,0]},"_coverageSchema":"1a1c01bbd47fc00a2c39e90264f33305004495a9","hash":"1a92b6fc1a8c6ce3db7aa66348d71d28e511723c"}
}
