{"/private/var/projects/fullslack-angular/api/dist/index.js": {"path":"/private/var/projects/fullslack-angular/api/dist/index.js","statementMap":{"0":{"start":{"line":2,"column":16},"end":{"line":2,"column":34}},"1":{"start":{"line":3,"column":19},"end":{"line":3,"column":41}},"2":{"start":{"line":4,"column":17},"end":{"line":4,"column":36}},"3":{"start":{"line":5,"column":20},"end":{"line":5,"column":43}},"4":{"start":{"line":6,"column":13},"end":{"line":6,"column":28}},"5":{"start":{"line":7,"column":36},"end":{"line":7,"column":55}},"6":{"start":{"line":8,"column":33},"end":{"line":8,"column":44}},"7":{"start":{"line":9,"column":12},"end":{"line":9,"column":21}},"8":{"start":{"line":10,"column":0},"end":{"line":10,"column":27}},"9":{"start":{"line":11,"column":0},"end":{"line":11,"column":16}},"10":{"start":{"line":12,"column":19},"end":{"line":15,"column":1}},"11":{"start":{"line":16,"column":0},"end":{"line":38,"column":4}},"12":{"start":{"line":22,"column":17},"end":{"line":25,"column":6}},"13":{"start":{"line":26,"column":4},"end":{"line":36,"column":5}},"14":{"start":{"line":27,"column":8},"end":{"line":32,"column":11}},"15":{"start":{"line":35,"column":8},"end":{"line":35,"column":33}},"16":{"start":{"line":39,"column":0},"end":{"line":39,"column":93}},"17":{"start":{"line":40,"column":0},"end":{"line":40,"column":43}},"18":{"start":{"line":41,"column":13},"end":{"line":41,"column":37}},"19":{"start":{"line":42,"column":0},"end":{"line":44,"column":3}},"20":{"start":{"line":43,"column":4},"end":{"line":43,"column":53}},"21":{"start":{"line":45,"column":0},"end":{"line":45,"column":21}}},"fnMap":{"0":{"name":"(anonymous_0)","decl":{"start":{"line":16,"column":38},"end":{"line":16,"column":39}},"loc":{"start":{"line":16,"column":63},"end":{"line":38,"column":1}},"line":16},"1":{"name":"(anonymous_1)","decl":{"start":{"line":42,"column":17},"end":{"line":42,"column":18}},"loc":{"start":{"line":42,"column":29},"end":{"line":44,"column":1}},"line":42}},"branchMap":{"0":{"loc":{"start":{"line":26,"column":4},"end":{"line":36,"column":5}},"type":"if","locations":[{"start":{"line":26,"column":4},"end":{"line":36,"column":5}},{"start":{"line":34,"column":9},"end":{"line":36,"column":5}}],"line":26},"1":{"loc":{"start":{"line":41,"column":13},"end":{"line":41,"column":37}},"type":"binary-expr","locations":[{"start":{"line":41,"column":13},"end":{"line":41,"column":29}},{"start":{"line":41,"column":33},"end":{"line":41,"column":37}}],"line":41}},"s":{"0":1,"1":1,"2":1,"3":1,"4":1,"5":1,"6":1,"7":1,"8":1,"9":1,"10":1,"11":1,"12":5,"13":5,"14":5,"15":0,"16":1,"17":1,"18":1,"19":1,"20":1,"21":1},"f":{"0":5,"1":1},"b":{"0":[5,0],"1":[1,0]},"_coverageSchema":"1a1c01bbd47fc00a2c39e90264f33305004495a9","hash":"fc8d403ea0aecae0a25a112dcc11e445f8801865"}
,"/private/var/projects/fullslack-angular/api/dist/functions/common.js": {"path":"/private/var/projects/fullslack-angular/api/dist/functions/common.js","statementMap":{"0":{"start":{"line":2,"column":0},"end":{"line":2,"column":62}},"1":{"start":{"line":3,"column":0},"end":{"line":21,"column":2}},"2":{"start":{"line":6,"column":8},"end":{"line":13,"column":9}},"3":{"start":{"line":7,"column":12},"end":{"line":7,"column":31}},"4":{"start":{"line":10,"column":12},"end":{"line":12,"column":14}},"5":{"start":{"line":14,"column":8},"end":{"line":14,"column":42}},"6":{"start":{"line":15,"column":8},"end":{"line":15,"column":18}},"7":{"start":{"line":18,"column":27},"end":{"line":18,"column":55}},"8":{"start":{"line":19,"column":8},"end":{"line":19,"column":38}}},"fnMap":{"0":{"name":"(anonymous_0)","decl":{"start":{"line":4,"column":18},"end":{"line":4,"column":19}},"loc":{"start":{"line":4,"column":58},"end":{"line":16,"column":5}},"line":4},"1":{"name":"(anonymous_1)","decl":{"start":{"line":17,"column":18},"end":{"line":17,"column":19}},"loc":{"start":{"line":17,"column":29},"end":{"line":20,"column":5}},"line":17}},"branchMap":{"0":{"loc":{"start":{"line":4,"column":41},"end":{"line":4,"column":53}},"type":"default-arg","locations":[{"start":{"line":4,"column":48},"end":{"line":4,"column":53}}],"line":4},"1":{"loc":{"start":{"line":6,"column":8},"end":{"line":13,"column":9}},"type":"if","locations":[{"start":{"line":6,"column":8},"end":{"line":13,"column":9}},{"start":{"line":9,"column":13},"end":{"line":13,"column":9}}],"line":6}},"s":{"0":1,"1":1,"2":5,"3":5,"4":0,"5":5,"6":5,"7":0,"8":0},"f":{"0":5,"1":0},"b":{"0":[0],"1":[5,0]},"_coverageSchema":"1a1c01bbd47fc00a2c39e90264f33305004495a9","hash":"52d65652633d472ecf482d457dd5386ca52e34ca"}
,"/private/var/projects/fullslack-angular/api/dist/functions/modelFunctions.js": {"path":"/private/var/projects/fullslack-angular/api/dist/functions/modelFunctions.js","statementMap":{"0":{"start":{"line":2,"column":0},"end":{"line":2,"column":62}},"1":{"start":{"line":3,"column":15},"end":{"line":3,"column":35}},"2":{"start":{"line":4,"column":0},"end":{"line":46,"column":2}},"3":{"start":{"line":6,"column":8},"end":{"line":12,"column":9}},"4":{"start":{"line":7,"column":28},"end":{"line":7,"column":52}},"5":{"start":{"line":8,"column":12},"end":{"line":8,"column":27}},"6":{"start":{"line":11,"column":12},"end":{"line":11,"column":24}},"7":{"start":{"line":15,"column":8},"end":{"line":21,"column":9}},"8":{"start":{"line":16,"column":31},"end":{"line":16,"column":52}},"9":{"start":{"line":17,"column":12},"end":{"line":17,"column":30}},"10":{"start":{"line":20,"column":12},"end":{"line":20,"column":24}},"11":{"start":{"line":24,"column":8},"end":{"line":36,"column":9}},"12":{"start":{"line":25,"column":27},"end":{"line":31,"column":14}},"13":{"start":{"line":32,"column":12},"end":{"line":32,"column":19}},"14":{"start":{"line":35,"column":12},"end":{"line":35,"column":24}},"15":{"start":{"line":39,"column":23},"end":{"line":39,"column":53}},"16":{"start":{"line":40,"column":8},"end":{"line":40,"column":22}},"17":{"start":{"line":43,"column":23},"end":{"line":43,"column":53}},"18":{"start":{"line":44,"column":8},"end":{"line":44,"column":22}}},"fnMap":{"0":{"name":"(anonymous_0)","decl":{"start":{"line":5,"column":12},"end":{"line":5,"column":13}},"loc":{"start":{"line":5,"column":35},"end":{"line":13,"column":5}},"line":5},"1":{"name":"(anonymous_1)","decl":{"start":{"line":14,"column":12},"end":{"line":14,"column":13}},"loc":{"start":{"line":14,"column":29},"end":{"line":22,"column":5}},"line":14},"2":{"name":"(anonymous_2)","decl":{"start":{"line":23,"column":17},"end":{"line":23,"column":18}},"loc":{"start":{"line":23,"column":39},"end":{"line":37,"column":5}},"line":23},"3":{"name":"(anonymous_3)","decl":{"start":{"line":38,"column":16},"end":{"line":38,"column":17}},"loc":{"start":{"line":38,"column":44},"end":{"line":41,"column":5}},"line":38},"4":{"name":"(anonymous_4)","decl":{"start":{"line":42,"column":16},"end":{"line":42,"column":17}},"loc":{"start":{"line":42,"column":44},"end":{"line":45,"column":5}},"line":42}},"branchMap":{},"s":{"0":1,"1":1,"2":1,"3":1,"4":1,"5":1,"6":0,"7":1,"8":1,"9":1,"10":0,"11":2,"12":2,"13":1,"14":1,"15":2,"16":2,"17":2,"18":2},"f":{"0":1,"1":1,"2":2,"3":2,"4":2},"b":{},"_coverageSchema":"1a1c01bbd47fc00a2c39e90264f33305004495a9","hash":"a4d5ee612c0458d87d0c00f5facc0e64e3523e3f"}
,"/private/var/projects/fullslack-angular/api/dist/models/List.js": {"path":"/private/var/projects/fullslack-angular/api/dist/models/List.js","statementMap":{"0":{"start":{"line":2,"column":0},"end":{"line":2,"column":62}},"1":{"start":{"line":3,"column":20},"end":{"line":3,"column":40}},"2":{"start":{"line":7,"column":0},"end":{"line":34,"column":2}},"3":{"start":{"line":8,"column":4},"end":{"line":32,"column":7}},"4":{"start":{"line":33,"column":4},"end":{"line":33,"column":16}}},"fnMap":{"0":{"name":"(anonymous_0)","decl":{"start":{"line":5,"column":4},"end":{"line":5,"column":5}},"loc":{"start":{"line":5,"column":29},"end":{"line":5,"column":32}},"line":5},"1":{"name":"(anonymous_1)","decl":{"start":{"line":7,"column":18},"end":{"line":7,"column":19}},"loc":{"start":{"line":7,"column":33},"end":{"line":34,"column":1}},"line":7}},"branchMap":{},"s":{"0":1,"1":1,"2":1,"3":1,"4":1},"f":{"0":1,"1":1},"b":{},"_coverageSchema":"1a1c01bbd47fc00a2c39e90264f33305004495a9","hash":"f0f807759f12e98f8bde1aaa16d4abd7a893e328"}
,"/private/var/projects/fullslack-angular/api/dist/models/User.js": {"path":"/private/var/projects/fullslack-angular/api/dist/models/User.js","statementMap":{"0":{"start":{"line":2,"column":0},"end":{"line":2,"column":62}},"1":{"start":{"line":3,"column":20},"end":{"line":3,"column":40}},"2":{"start":{"line":7,"column":0},"end":{"line":38,"column":2}},"3":{"start":{"line":8,"column":4},"end":{"line":36,"column":7}},"4":{"start":{"line":37,"column":4},"end":{"line":37,"column":16}}},"fnMap":{"0":{"name":"(anonymous_0)","decl":{"start":{"line":5,"column":4},"end":{"line":5,"column":5}},"loc":{"start":{"line":5,"column":29},"end":{"line":5,"column":32}},"line":5},"1":{"name":"(anonymous_1)","decl":{"start":{"line":7,"column":18},"end":{"line":7,"column":19}},"loc":{"start":{"line":7,"column":33},"end":{"line":38,"column":1}},"line":7}},"branchMap":{},"s":{"0":1,"1":1,"2":1,"3":1,"4":1},"f":{"0":1,"1":1},"b":{},"_coverageSchema":"1a1c01bbd47fc00a2c39e90264f33305004495a9","hash":"5d8f8321449bd8bd8e964bf1f4a8a9f0494c45aa"}
,"/private/var/projects/fullslack-angular/api/dist/models/index.js": {"path":"/private/var/projects/fullslack-angular/api/dist/models/index.js","statementMap":{"0":{"start":{"line":2,"column":22},"end":{"line":4,"column":1}},"1":{"start":{"line":3,"column":4},"end":{"line":3,"column":62}},"2":{"start":{"line":5,"column":0},"end":{"line":5,"column":62}},"3":{"start":{"line":6,"column":0},"end":{"line":6,"column":24}},"4":{"start":{"line":7,"column":20},"end":{"line":7,"column":40}},"5":{"start":{"line":8,"column":15},"end":{"line":8,"column":49}},"6":{"start":{"line":9,"column":15},"end":{"line":9,"column":49}},"7":{"start":{"line":10,"column":18},"end":{"line":17,"column":2}},"8":{"start":{"line":18,"column":15},"end":{"line":21,"column":1}},"9":{"start":{"line":22,"column":0},"end":{"line":22,"column":24}},"10":{"start":{"line":23,"column":0},"end":{"line":25,"column":49}},"11":{"start":{"line":24,"column":23},"end":{"line":24,"column":60}},"12":{"start":{"line":25,"column":24},"end":{"line":25,"column":47}}},"fnMap":{"0":{"name":"(anonymous_0)","decl":{"start":{"line":2,"column":56},"end":{"line":2,"column":57}},"loc":{"start":{"line":2,"column":71},"end":{"line":4,"column":1}},"line":2},"1":{"name":"(anonymous_1)","decl":{"start":{"line":24,"column":12},"end":{"line":24,"column":13}},"loc":{"start":{"line":24,"column":23},"end":{"line":24,"column":60}},"line":24},"2":{"name":"(anonymous_2)","decl":{"start":{"line":25,"column":13},"end":{"line":25,"column":14}},"loc":{"start":{"line":25,"column":24},"end":{"line":25,"column":47}},"line":25}},"branchMap":{"0":{"loc":{"start":{"line":2,"column":22},"end":{"line":4,"column":1}},"type":"binary-expr","locations":[{"start":{"line":2,"column":23},"end":{"line":2,"column":27}},{"start":{"line":2,"column":31},"end":{"line":2,"column":51}},{"start":{"line":2,"column":56},"end":{"line":4,"column":1}}],"line":2},"1":{"loc":{"start":{"line":3,"column":11},"end":{"line":3,"column":61}},"type":"cond-expr","locations":[{"start":{"line":3,"column":37},"end":{"line":3,"column":40}},{"start":{"line":3,"column":43},"end":{"line":3,"column":61}}],"line":3},"2":{"loc":{"start":{"line":3,"column":12},"end":{"line":3,"column":33}},"type":"binary-expr","locations":[{"start":{"line":3,"column":12},"end":{"line":3,"column":15}},{"start":{"line":3,"column":19},"end":{"line":3,"column":33}}],"line":3},"3":{"loc":{"start":{"line":10,"column":44},"end":{"line":10,"column":75}},"type":"binary-expr","locations":[{"start":{"line":10,"column":44},"end":{"line":10,"column":64}},{"start":{"line":10,"column":68},"end":{"line":10,"column":75}}],"line":10},"4":{"loc":{"start":{"line":10,"column":77},"end":{"line":10,"column":109}},"type":"binary-expr","locations":[{"start":{"line":10,"column":77},"end":{"line":10,"column":99}},{"start":{"line":10,"column":103},"end":{"line":10,"column":109}}],"line":10},"5":{"loc":{"start":{"line":10,"column":111},"end":{"line":10,"column":152}},"type":"binary-expr","locations":[{"start":{"line":10,"column":111},"end":{"line":10,"column":142}},{"start":{"line":10,"column":146},"end":{"line":10,"column":152}}],"line":10},"6":{"loc":{"start":{"line":11,"column":14},"end":{"line":11,"column":46}},"type":"binary-expr","locations":[{"start":{"line":11,"column":14},"end":{"line":11,"column":36}},{"start":{"line":11,"column":40},"end":{"line":11,"column":46}}],"line":11},"7":{"loc":{"start":{"line":12,"column":14},"end":{"line":12,"column":55}},"type":"binary-expr","locations":[{"start":{"line":12,"column":14},"end":{"line":12,"column":45}},{"start":{"line":12,"column":49},"end":{"line":12,"column":55}}],"line":12},"8":{"loc":{"start":{"line":13,"column":14},"end":{"line":13,"column":45}},"type":"binary-expr","locations":[{"start":{"line":13,"column":14},"end":{"line":13,"column":34}},{"start":{"line":13,"column":38},"end":{"line":13,"column":45}}],"line":13},"9":{"loc":{"start":{"line":14,"column":10},"end":{"line":14,"column":46}},"type":"binary-expr","locations":[{"start":{"line":14,"column":10},"end":{"line":14,"column":35}},{"start":{"line":14,"column":39},"end":{"line":14,"column":46}}],"line":14}},"s":{"0":1,"1":2,"2":1,"3":1,"4":1,"5":1,"6":1,"7":1,"8":1,"9":1,"10":1,"11":2,"12":2},"f":{"0":2,"1":2,"2":2},"b":{"0":[1,1,1],"1":[2,0],"2":[2,2],"3":[1,0],"4":[1,0],"5":[1,0],"6":[1,0],"7":[1,0],"8":[1,0],"9":[1,0]},"_coverageSchema":"1a1c01bbd47fc00a2c39e90264f33305004495a9","hash":"dae66efb7c7f22e9303fd4da164b7175327c61b1"}
,"/private/var/projects/fullslack-angular/api/dist/routes/auth.js": {"path":"/private/var/projects/fullslack-angular/api/dist/routes/auth.js","statementMap":{"0":{"start":{"line":2,"column":0},"end":{"line":2,"column":62}},"1":{"start":{"line":3,"column":16},"end":{"line":3,"column":34}},"2":{"start":{"line":4,"column":15},"end":{"line":4,"column":31}},"3":{"start":{"line":5,"column":39},"end":{"line":5,"column":69}},"4":{"start":{"line":6,"column":30},"end":{"line":6,"column":50}},"5":{"start":{"line":7,"column":12},"end":{"line":7,"column":35}},"6":{"start":{"line":8,"column":15},"end":{"line":8,"column":35}},"7":{"start":{"line":9,"column":0},"end":{"line":35,"column":3}},"8":{"start":{"line":10,"column":4},"end":{"line":34,"column":5}},"9":{"start":{"line":11,"column":36},"end":{"line":11,"column":44}},"10":{"start":{"line":12,"column":21},"end":{"line":18,"column":10}},"11":{"start":{"line":19,"column":8},"end":{"line":26,"column":9}},"12":{"start":{"line":20,"column":25},"end":{"line":20,"column":35}},"13":{"start":{"line":21,"column":26},"end":{"line":21,"column":73}},"14":{"start":{"line":22,"column":12},"end":{"line":22,"column":68}},"15":{"start":{"line":25,"column":12},"end":{"line":25,"column":93}},"16":{"start":{"line":29,"column":23},"end":{"line":29,"column":37}},"17":{"start":{"line":30,"column":8},"end":{"line":32,"column":9}},"18":{"start":{"line":31,"column":12},"end":{"line":31,"column":37}},"19":{"start":{"line":33,"column":8},"end":{"line":33,"column":67}},"20":{"start":{"line":36,"column":0},"end":{"line":59,"column":3}},"21":{"start":{"line":37,"column":4},"end":{"line":58,"column":5}},"22":{"start":{"line":38,"column":57},"end":{"line":38,"column":65}},"23":{"start":{"line":39,"column":8},"end":{"line":41,"column":9}},"24":{"start":{"line":40,"column":12},"end":{"line":40,"column":81}},"25":{"start":{"line":42,"column":26},"end":{"line":42,"column":73}},"26":{"start":{"line":43,"column":8},"end":{"line":45,"column":9}},"27":{"start":{"line":44,"column":12},"end":{"line":44,"column":83}},"28":{"start":{"line":46,"column":8},"end":{"line":48,"column":9}},"29":{"start":{"line":47,"column":12},"end":{"line":47,"column":89}},"30":{"start":{"line":49,"column":21},"end":{"line":49,"column":80}},"31":{"start":{"line":50,"column":8},"end":{"line":50,"column":89}},"32":{"start":{"line":53,"column":23},"end":{"line":53,"column":37}},"33":{"start":{"line":54,"column":8},"end":{"line":56,"column":9}},"34":{"start":{"line":55,"column":12},"end":{"line":55,"column":37}},"35":{"start":{"line":57,"column":8},"end":{"line":57,"column":67}},"36":{"start":{"line":60,"column":0},"end":{"line":60,"column":24}}},"fnMap":{"0":{"name":"(anonymous_0)","decl":{"start":{"line":9,"column":22},"end":{"line":9,"column":23}},"loc":{"start":{"line":9,"column":42},"end":{"line":35,"column":1}},"line":9},"1":{"name":"(anonymous_1)","decl":{"start":{"line":36,"column":23},"end":{"line":36,"column":24}},"loc":{"start":{"line":36,"column":43},"end":{"line":59,"column":1}},"line":36}},"branchMap":{"0":{"loc":{"start":{"line":19,"column":8},"end":{"line":26,"column":9}},"type":"if","locations":[{"start":{"line":19,"column":8},"end":{"line":26,"column":9}},{"start":{"line":24,"column":13},"end":{"line":26,"column":9}}],"line":19},"1":{"loc":{"start":{"line":30,"column":8},"end":{"line":32,"column":9}},"type":"if","locations":[{"start":{"line":30,"column":8},"end":{"line":32,"column":9}},{"start":{},"end":{}}],"line":30},"2":{"loc":{"start":{"line":39,"column":8},"end":{"line":41,"column":9}},"type":"if","locations":[{"start":{"line":39,"column":8},"end":{"line":41,"column":9}},{"start":{},"end":{}}],"line":39},"3":{"loc":{"start":{"line":39,"column":12},"end":{"line":39,"column":42}},"type":"binary-expr","locations":[{"start":{"line":39,"column":12},"end":{"line":39,"column":18}},{"start":{"line":39,"column":22},"end":{"line":39,"column":42}}],"line":39},"4":{"loc":{"start":{"line":43,"column":8},"end":{"line":45,"column":9}},"type":"if","locations":[{"start":{"line":43,"column":8},"end":{"line":45,"column":9}},{"start":{},"end":{}}],"line":43},"5":{"loc":{"start":{"line":46,"column":8},"end":{"line":48,"column":9}},"type":"if","locations":[{"start":{"line":46,"column":8},"end":{"line":48,"column":9}},{"start":{},"end":{}}],"line":46},"6":{"loc":{"start":{"line":54,"column":8},"end":{"line":56,"column":9}},"type":"if","locations":[{"start":{"line":54,"column":8},"end":{"line":56,"column":9}},{"start":{},"end":{}}],"line":54}},"s":{"0":1,"1":1,"2":1,"3":1,"4":1,"5":1,"6":1,"7":1,"8":0,"9":0,"10":0,"11":0,"12":0,"13":0,"14":0,"15":0,"16":0,"17":0,"18":0,"19":0,"20":1,"21":0,"22":0,"23":0,"24":0,"25":0,"26":0,"27":0,"28":0,"29":0,"30":0,"31":0,"32":0,"33":0,"34":0,"35":0,"36":1},"f":{"0":0,"1":0},"b":{"0":[0,0],"1":[0,0],"2":[0,0],"3":[0,0],"4":[0,0],"5":[0,0],"6":[0,0]},"_coverageSchema":"1a1c01bbd47fc00a2c39e90264f33305004495a9","hash":"d78c1cf541e12e884da0575521d29241116e6c5e"}
,"/private/var/projects/fullslack-angular/api/dist/routes/list.js": {"path":"/private/var/projects/fullslack-angular/api/dist/routes/list.js","statementMap":{"0":{"start":{"line":2,"column":0},"end":{"line":2,"column":62}},"1":{"start":{"line":3,"column":16},"end":{"line":3,"column":34}},"2":{"start":{"line":4,"column":15},"end":{"line":4,"column":31}},"3":{"start":{"line":5,"column":25},"end":{"line":5,"column":55}},"4":{"start":{"line":6,"column":30},"end":{"line":6,"column":50}},"5":{"start":{"line":7,"column":15},"end":{"line":7,"column":35}},"6":{"start":{"line":8,"column":64},"end":{"line":8,"column":102}},"7":{"start":{"line":9,"column":0},"end":{"line":27,"column":3}},"8":{"start":{"line":10,"column":4},"end":{"line":26,"column":5}},"9":{"start":{"line":11,"column":39},"end":{"line":11,"column":47}},"10":{"start":{"line":12,"column":23},"end":{"line":12,"column":34}},"11":{"start":{"line":13,"column":33},"end":{"line":13,"column":124}},"12":{"start":{"line":14,"column":8},"end":{"line":16,"column":9}},"13":{"start":{"line":15,"column":12},"end":{"line":15,"column":86}},"14":{"start":{"line":17,"column":28},"end":{"line":17,"column":78}},"15":{"start":{"line":18,"column":8},"end":{"line":18,"column":57}},"16":{"start":{"line":21,"column":23},"end":{"line":21,"column":37}},"17":{"start":{"line":22,"column":8},"end":{"line":24,"column":9}},"18":{"start":{"line":23,"column":12},"end":{"line":23,"column":37}},"19":{"start":{"line":25,"column":8},"end":{"line":25,"column":67}},"20":{"start":{"line":28,"column":0},"end":{"line":40,"column":3}},"21":{"start":{"line":29,"column":4},"end":{"line":39,"column":5}},"22":{"start":{"line":30,"column":21},"end":{"line":30,"column":39}},"23":{"start":{"line":31,"column":8},"end":{"line":31,"column":50}},"24":{"start":{"line":34,"column":23},"end":{"line":34,"column":37}},"25":{"start":{"line":35,"column":8},"end":{"line":37,"column":9}},"26":{"start":{"line":36,"column":12},"end":{"line":36,"column":37}},"27":{"start":{"line":38,"column":8},"end":{"line":38,"column":67}},"28":{"start":{"line":41,"column":0},"end":{"line":59,"column":3}},"29":{"start":{"line":42,"column":4},"end":{"line":58,"column":5}},"30":{"start":{"line":43,"column":27},"end":{"line":43,"column":39}},"31":{"start":{"line":44,"column":23},"end":{"line":44,"column":34}},"32":{"start":{"line":45,"column":34},"end":{"line":45,"column":141}},"33":{"start":{"line":46,"column":8},"end":{"line":48,"column":9}},"34":{"start":{"line":47,"column":12},"end":{"line":47,"column":88}},"35":{"start":{"line":49,"column":8},"end":{"line":49,"column":44}},"36":{"start":{"line":50,"column":8},"end":{"line":50,"column":68}},"37":{"start":{"line":53,"column":23},"end":{"line":53,"column":37}},"38":{"start":{"line":54,"column":8},"end":{"line":56,"column":9}},"39":{"start":{"line":55,"column":12},"end":{"line":55,"column":37}},"40":{"start":{"line":57,"column":8},"end":{"line":57,"column":67}},"41":{"start":{"line":60,"column":0},"end":{"line":60,"column":24}}},"fnMap":{"0":{"name":"(anonymous_0)","decl":{"start":{"line":9,"column":17},"end":{"line":9,"column":18}},"loc":{"start":{"line":9,"column":37},"end":{"line":27,"column":1}},"line":9},"1":{"name":"(anonymous_1)","decl":{"start":{"line":28,"column":16},"end":{"line":28,"column":17}},"loc":{"start":{"line":28,"column":36},"end":{"line":40,"column":1}},"line":28},"2":{"name":"(anonymous_2)","decl":{"start":{"line":41,"column":19},"end":{"line":41,"column":20}},"loc":{"start":{"line":41,"column":39},"end":{"line":59,"column":1}},"line":41}},"branchMap":{"0":{"loc":{"start":{"line":14,"column":8},"end":{"line":16,"column":9}},"type":"if","locations":[{"start":{"line":14,"column":8},"end":{"line":16,"column":9}},{"start":{},"end":{}}],"line":14},"1":{"loc":{"start":{"line":22,"column":8},"end":{"line":24,"column":9}},"type":"if","locations":[{"start":{"line":22,"column":8},"end":{"line":24,"column":9}},{"start":{},"end":{}}],"line":22},"2":{"loc":{"start":{"line":35,"column":8},"end":{"line":37,"column":9}},"type":"if","locations":[{"start":{"line":35,"column":8},"end":{"line":37,"column":9}},{"start":{},"end":{}}],"line":35},"3":{"loc":{"start":{"line":46,"column":8},"end":{"line":48,"column":9}},"type":"if","locations":[{"start":{"line":46,"column":8},"end":{"line":48,"column":9}},{"start":{},"end":{}}],"line":46},"4":{"loc":{"start":{"line":54,"column":8},"end":{"line":56,"column":9}},"type":"if","locations":[{"start":{"line":54,"column":8},"end":{"line":56,"column":9}},{"start":{},"end":{}}],"line":54}},"s":{"0":1,"1":1,"2":1,"3":1,"4":1,"5":1,"6":1,"7":1,"8":2,"9":2,"10":2,"11":2,"12":2,"13":1,"14":1,"15":1,"16":0,"17":0,"18":0,"19":0,"20":1,"21":1,"22":1,"23":1,"24":0,"25":0,"26":0,"27":0,"28":1,"29":2,"30":2,"31":2,"32":2,"33":2,"34":0,"35":2,"36":1,"37":1,"38":1,"39":1,"40":1,"41":1},"f":{"0":2,"1":1,"2":2},"b":{"0":[1,1],"1":[0,0],"2":[0,0],"3":[0,2],"4":[1,0]},"_coverageSchema":"1a1c01bbd47fc00a2c39e90264f33305004495a9","hash":"50681a2532d1d28159d1bd9e8292286c30f0fc01"}
}
