TN:
SF:dist/index.js
FN:16,(anonymous_0)
FN:43,(anonymous_1)
FNF:2
FNH:2
FNDA:5,(anonymous_0)
FNDA:1,(anonymous_1)
DA:2,1
DA:3,1
DA:4,1
DA:5,1
DA:6,1
DA:7,1
DA:8,1
DA:9,1
DA:10,1
DA:11,1
DA:12,1
DA:16,1
DA:17,5
DA:19,5
DA:20,5
DA:23,0
DA:27,0
DA:28,0
DA:36,0
DA:40,1
DA:41,1
DA:42,1
DA:43,1
DA:44,1
DA:46,1
LF:25
LH:21
BRDA:19,0,0,5
BRDA:19,0,1,0
BRDA:27,1,0,0
BRDA:27,1,1,0
BRDA:42,2,0,1
BRDA:42,2,1,0
BRF:6
BRH:2
end_of_record
TN:
SF:dist/functions/common.js
FN:4,(anonymous_0)
FN:17,(anonymous_1)
FNF:2
FNH:2
FNDA:7,(anonymous_0)
FNDA:4,(anonymous_1)
DA:2,1
DA:3,1
DA:6,7
DA:7,7
DA:10,0
DA:14,7
DA:15,7
DA:18,4
DA:19,4
LF:9
LH:8
BRDA:4,0,0,0
BRDA:6,1,0,7
BRDA:6,1,1,0
BRF:3
BRH:1
end_of_record
TN:
SF:dist/functions/modelFunctions.js
FN:5,(anonymous_0)
FN:14,(anonymous_1)
FN:23,(anonymous_2)
FN:37,(anonymous_3)
FN:41,(anonymous_4)
FNF:5
FNH:0
FNDA:0,(anonymous_0)
FNDA:0,(anonymous_1)
FNDA:0,(anonymous_2)
FNDA:0,(anonymous_3)
FNDA:0,(anonymous_4)
DA:2,1
DA:3,1
DA:4,1
DA:6,0
DA:7,0
DA:8,0
DA:11,0
DA:15,0
DA:16,0
DA:17,0
DA:20,0
DA:24,0
DA:25,0
DA:34,0
DA:38,0
DA:39,0
DA:42,0
DA:43,0
LF:18
LH:3
BRF:0
BRH:0
end_of_record
TN:
SF:dist/models/List.js
FN:5,(anonymous_0)
FN:7,(anonymous_1)
FNF:2
FNH:2
FNDA:1,(anonymous_0)
FNDA:1,(anonymous_1)
DA:2,1
DA:3,1
DA:7,1
DA:8,1
DA:33,1
LF:5
LH:5
BRF:0
BRH:0
end_of_record
TN:
SF:dist/models/User.js
FN:5,(anonymous_0)
FN:7,(anonymous_1)
FNF:2
FNH:2
FNDA:1,(anonymous_0)
FNDA:1,(anonymous_1)
DA:2,1
DA:3,1
DA:7,1
DA:8,1
DA:37,1
LF:5
LH:5
BRF:0
BRH:0
end_of_record
TN:
SF:dist/models/index.js
FN:2,(anonymous_0)
FN:24,(anonymous_1)
FN:25,(anonymous_2)
FNF:3
FNH:3
FNDA:2,(anonymous_0)
FNDA:2,(anonymous_1)
FNDA:2,(anonymous_2)
DA:2,1
DA:3,2
DA:5,1
DA:6,1
DA:7,1
DA:8,1
DA:9,1
DA:10,1
DA:18,1
DA:22,1
DA:23,1
DA:24,2
DA:25,2
LF:13
LH:13
BRDA:2,0,0,1
BRDA:2,0,1,1
BRDA:2,0,2,1
BRDA:3,1,0,2
BRDA:3,1,1,0
BRDA:3,2,0,2
BRDA:3,2,1,2
BRDA:10,3,0,1
BRDA:10,3,1,0
BRDA:10,4,0,1
BRDA:10,4,1,0
BRDA:10,5,0,1
BRDA:10,5,1,0
BRDA:11,6,0,1
BRDA:11,6,1,0
BRDA:12,7,0,1
BRDA:12,7,1,0
BRDA:13,8,0,1
BRDA:13,8,1,0
BRDA:14,9,0,1
BRDA:14,9,1,0
BRF:21
BRH:13
end_of_record
TN:
SF:dist/routes/auth.js
FN:9,(anonymous_0)
FN:36,(anonymous_1)
FNF:2
FNH:2
FNDA:3,(anonymous_0)
FNDA:4,(anonymous_1)
DA:2,1
DA:3,1
DA:4,1
DA:5,1
DA:6,1
DA:7,1
DA:8,1
DA:9,1
DA:10,3
DA:11,3
DA:12,3
DA:19,2
DA:20,1
DA:21,1
DA:22,1
DA:25,1
DA:29,1
DA:30,1
DA:31,1
DA:33,1
DA:36,1
DA:37,4
DA:38,4
DA:39,4
DA:40,1
DA:42,3
DA:43,2
DA:44,1
DA:46,1
DA:47,0
DA:49,1
DA:50,1
DA:53,1
DA:54,1
DA:55,1
DA:57,1
DA:60,1
LF:37
LH:36
BRDA:19,0,0,1
BRDA:19,0,1,1
BRDA:30,1,0,1
BRDA:30,1,1,0
BRDA:39,2,0,1
BRDA:39,2,1,3
BRDA:39,3,0,4
BRDA:39,3,1,4
BRDA:43,4,0,1
BRDA:43,4,1,1
BRDA:46,5,0,0
BRDA:46,5,1,1
BRDA:54,6,0,1
BRDA:54,6,1,0
BRF:14
BRH:11
end_of_record
TN:
SF:dist/routes/list.js
FN:9,(anonymous_0)
FN:28,(anonymous_1)
FN:41,(anonymous_2)
FNF:3
FNH:0
FNDA:0,(anonymous_0)
FNDA:0,(anonymous_1)
FNDA:0,(anonymous_2)
DA:2,1
DA:3,1
DA:4,1
DA:5,1
DA:6,1
DA:7,1
DA:8,1
DA:9,1
DA:10,0
DA:11,0
DA:12,0
DA:13,0
DA:14,0
DA:15,0
DA:17,0
DA:18,0
DA:21,0
DA:22,0
DA:23,0
DA:25,0
DA:28,1
DA:29,0
DA:30,0
DA:31,0
DA:34,0
DA:35,0
DA:36,0
DA:38,0
DA:41,1
DA:42,0
DA:43,0
DA:44,0
DA:45,0
DA:46,0
DA:47,0
DA:49,0
DA:50,0
DA:53,0
DA:54,0
DA:55,0
DA:57,0
DA:60,1
LF:42
LH:11
BRDA:14,0,0,0
BRDA:14,0,1,0
BRDA:22,1,0,0
BRDA:22,1,1,0
BRDA:35,2,0,0
BRDA:35,2,1,0
BRDA:46,3,0,0
BRDA:46,3,1,0
BRDA:54,4,0,0
BRDA:54,4,1,0
BRF:10
BRH:0
end_of_record
