TN:
SF:dist/index.js
FN:14,(anonymous_0)
FN:41,(anonymous_1)
FNF:2
FNH:2
FNDA:5,(anonymous_0)
FNDA:1,(anonymous_1)
DA:2,1
DA:3,1
DA:4,1
DA:5,1
DA:6,1
DA:7,1
DA:8,1
DA:9,1
DA:10,1
DA:14,1
DA:15,5
DA:20,5
DA:24,5
DA:25,5
DA:34,0
DA:38,1
DA:39,1
DA:40,1
DA:41,1
DA:42,1
DA:44,1
LF:21
LH:20
BRDA:24,0,0,5
BRDA:24,0,1,0
BRDA:40,1,0,1
BRDA:40,1,1,0
BRF:4
BRH:2
end_of_record
TN:
SF:dist/functions/common.js
FN:4,(anonymous_0)
FN:17,(anonymous_1)
FNF:2
FNH:2
FNDA:12,(anonymous_0)
FNDA:8,(anonymous_1)
DA:2,1
DA:3,1
DA:6,12
DA:7,12
DA:10,0
DA:14,12
DA:15,12
DA:18,8
DA:19,8
LF:9
LH:8
BRDA:4,0,0,0
BRDA:6,1,0,12
BRDA:6,1,1,0
BRF:3
BRH:1
end_of_record
TN:
SF:dist/functions/modelFunctions.js
FN:5,(anonymous_0)
FN:14,(anonymous_1)
FN:23,(anonymous_2)
FN:37,(anonymous_3)
FN:41,(anonymous_4)
FNF:5
FNH:5
FNDA:1,(anonymous_0)
FNDA:1,(anonymous_1)
FNDA:2,(anonymous_2)
FNDA:2,(anonymous_3)
FNDA:2,(anonymous_4)
DA:2,1
DA:3,1
DA:4,1
DA:6,1
DA:7,1
DA:8,1
DA:11,0
DA:15,1
DA:16,1
DA:17,1
DA:20,0
DA:24,2
DA:25,2
DA:34,1
DA:38,2
DA:39,2
DA:42,2
DA:43,2
LF:18
LH:16
BRF:0
BRH:0
end_of_record
TN:
SF:dist/models/List.js
FN:5,(anonymous_0)
FN:7,(anonymous_1)
FNF:2
FNH:2
FNDA:1,(anonymous_0)
FNDA:1,(anonymous_1)
DA:2,1
DA:3,1
DA:7,1
DA:8,1
DA:33,1
LF:5
LH:5
BRF:0
BRH:0
end_of_record
TN:
SF:dist/models/User.js
FN:5,(anonymous_0)
FN:7,(anonymous_1)
FNF:2
FNH:2
FNDA:1,(anonymous_0)
FNDA:1,(anonymous_1)
DA:2,1
DA:3,1
DA:7,1
DA:8,1
DA:37,1
LF:5
LH:5
BRF:0
BRH:0
end_of_record
TN:
SF:dist/models/index.js
FN:2,(anonymous_0)
FN:24,(anonymous_1)
FN:25,(anonymous_2)
FNF:3
FNH:3
FNDA:2,(anonymous_0)
FNDA:2,(anonymous_1)
FNDA:2,(anonymous_2)
DA:2,1
DA:3,2
DA:5,1
DA:6,1
DA:7,1
DA:8,1
DA:9,1
DA:10,1
DA:18,1
DA:22,1
DA:23,1
DA:24,2
DA:25,2
LF:13
LH:13
BRDA:2,0,0,1
BRDA:2,0,1,1
BRDA:2,0,2,1
BRDA:3,1,0,2
BRDA:3,1,1,0
BRDA:3,2,0,2
BRDA:3,2,1,2
BRDA:10,3,0,1
BRDA:10,3,1,0
BRDA:10,4,0,1
BRDA:10,4,1,0
BRDA:10,5,0,1
BRDA:10,5,1,0
BRDA:11,6,0,1
BRDA:11,6,1,0
BRDA:12,7,0,1
BRDA:12,7,1,0
BRDA:13,8,0,1
BRDA:13,8,1,0
BRDA:14,9,0,1
BRDA:14,9,1,0
BRF:21
BRH:13
end_of_record
TN:
SF:dist/routes/auth.js
FN:9,(anonymous_0)
FN:30,(anonymous_1)
FNF:2
FNH:2
FNDA:3,(anonymous_0)
FNDA:4,(anonymous_1)
DA:2,1
DA:3,1
DA:4,1
DA:5,1
DA:6,1
DA:7,1
DA:8,1
DA:9,1
DA:10,3
DA:11,3
DA:12,3
DA:13,2
DA:14,1
DA:15,1
DA:16,1
DA:19,1
DA:23,1
DA:24,1
DA:25,1
DA:27,1
DA:30,1
DA:31,4
DA:32,4
DA:33,4
DA:34,4
DA:35,1
DA:37,3
DA:38,2
DA:39,1
DA:41,1
DA:42,0
DA:44,1
DA:45,1
DA:48,1
DA:49,1
DA:50,1
DA:52,1
DA:55,1
LF:38
LH:37
BRDA:13,0,0,1
BRDA:13,0,1,1
BRDA:24,1,0,1
BRDA:24,1,1,0
BRDA:34,2,0,1
BRDA:34,2,1,3
BRDA:34,3,0,4
BRDA:34,3,1,4
BRDA:38,4,0,1
BRDA:38,4,1,1
BRDA:41,5,0,0
BRDA:41,5,1,1
BRDA:49,6,0,1
BRDA:49,6,1,0
BRF:14
BRH:11
end_of_record
TN:
SF:dist/routes/list.js
FN:11,(anonymous_0)
FN:29,(anonymous_1)
FN:41,(anonymous_2)
FNF:3
FNH:3
FNDA:2,(anonymous_0)
FNDA:1,(anonymous_1)
FNDA:2,(anonymous_2)
DA:2,1
DA:3,1
DA:4,1
DA:5,1
DA:8,1
DA:9,1
DA:10,1
DA:11,1
DA:12,2
DA:13,2
DA:14,2
DA:15,2
DA:16,2
DA:17,1
DA:19,1
DA:20,1
DA:22,0
DA:23,0
DA:24,0
DA:26,0
DA:29,1
DA:30,1
DA:31,1
DA:32,1
DA:34,0
DA:35,0
DA:36,0
DA:38,0
DA:41,1
DA:42,2
DA:43,2
DA:44,2
DA:45,2
DA:46,2
DA:47,0
DA:49,2
DA:50,1
DA:52,1
DA:53,1
DA:54,1
DA:56,1
DA:59,1
LF:42
LH:33
BRDA:16,0,0,1
BRDA:16,0,1,1
BRDA:23,1,0,0
BRDA:23,1,1,0
BRDA:35,2,0,0
BRDA:35,2,1,0
BRDA:46,3,0,0
BRDA:46,3,1,2
BRDA:53,4,0,1
BRDA:53,4,1,0
BRF:10
BRH:4
end_of_record
